<?xml version="1.0" encoding="UTF-8"?>
<testsuite name="org.springframework.samples.petclinic.owner.PetValidatorTests$ValidateHasErrors" tests="3" skipped="0" failures="0" errors="0" timestamp="2025-08-26T01:34:31" hostname="trachmans-MacBook-Pro.local" time="0.023">
  <properties/>
  <testcase name="testValidateWithInvalidPetName()" classname="org.springframework.samples.petclinic.owner.PetValidatorTests$ValidateHasErrors" time="0.007"/>
  <testcase name="testValidateWithInvalidPetType()" classname="org.springframework.samples.petclinic.owner.PetValidatorTests$ValidateHasErrors" time="0.005"/>
  <testcase name="testValidateWithInvalidBirthDate()" classname="org.springframework.samples.petclinic.owner.PetValidatorTests$ValidateHasErrors" time="0.006"/>
  <system-out><![CDATA[]]></system-out>
  <system-err><![CDATA[]]></system-err>
</testsuite>
