<?xml version="1.0" encoding="UTF-8"?>
<testsuite name="org.springframework.samples.petclinic.owner.OwnerControllerTests" tests="13" skipped="0" failures="0" errors="0" timestamp="2025-08-26T01:34:27" hostname="trachmans-MacBook-Pro.local" time="1.995">
  <properties/>
  <testcase name="testProcessUpdateOwnerFormHasErrors()" classname="org.springframework.samples.petclinic.owner.OwnerControllerTests" time="1.053"/>
  <testcase name="testProcessCreationFormSuccess()" classname="org.springframework.samples.petclinic.owner.OwnerControllerTests" time="0.044"/>
  <testcase name="testInitFindForm()" classname="org.springframework.samples.petclinic.owner.OwnerControllerTests" time="0.21"/>
  <testcase name="testShowOwner()" classname="org.springframework.samples.petclinic.owner.OwnerControllerTests" time="0.13"/>
  <testcase name="testProcessUpdateOwnerFormWithIdMismatch()" classname="org.springframework.samples.petclinic.owner.OwnerControllerTests" time="0.037"/>
  <testcase name="testInitUpdateOwnerForm()" classname="org.springframework.samples.petclinic.owner.OwnerControllerTests" time="0.043"/>
  <testcase name="testInitCreationForm()" classname="org.springframework.samples.petclinic.owner.OwnerControllerTests" time="0.07"/>
  <testcase name="testProcessFindFormByLastName()" classname="org.springframework.samples.petclinic.owner.OwnerControllerTests" time="0.027"/>
  <testcase name="testProcessFindFormNoOwnersFound()" classname="org.springframework.samples.petclinic.owner.OwnerControllerTests" time="0.058"/>
  <testcase name="testProcessFindFormSuccess()" classname="org.springframework.samples.petclinic.owner.OwnerControllerTests" time="0.159"/>
  <testcase name="testProcessUpdateOwnerFormSuccess()" classname="org.springframework.samples.petclinic.owner.OwnerControllerTests" time="0.018"/>
  <testcase name="testProcessCreationFormHasErrors()" classname="org.springframework.samples.petclinic.owner.OwnerControllerTests" time="0.05"/>
  <testcase name="testProcessUpdateOwnerFormUnchangedSuccess()" classname="org.springframework.samples.petclinic.owner.OwnerControllerTests" time="0.02"/>
  <system-out><![CDATA[2025-08-26T08:34:24.518+07:00  INFO 3474 --- [    Test worker] t.c.s.AnnotationConfigContextLoaderUtils : Could not detect default configuration classes for test class [org.springframework.samples.petclinic.owner.OwnerControllerTests]: OwnerControllerTests does not declare any static, non-private, non-final, nested classes annotated with @Configuration.
2025-08-26T08:34:24.683+07:00  INFO 3474 --- [    Test worker] .b.t.c.SpringBootTestContextBootstrapper : Found @SpringBootConfiguration org.springframework.samples.petclinic.PetClinicApplication for test class org.springframework.samples.petclinic.owner.OwnerControllerTests


              |\      _,,,--,,_
             /,`.-'`'   ._  \-;;,_
  _______ __|,4-  ) )_   .;.(__`'-'__     ___ __    _ ___ _______
 |       | '---''(_/._)-'(_\_)   |   |   |   |  |  | |   |       |
 |    _  |    ___|_     _|       |   |   |   |   |_| |   |       | __ _ _
 |   |_| |   |___  |   | |       |   |   |   |       |   |       | \ \ \ \
 |    ___|    ___| |   | |      _|   |___|   |  _    |   |      _|  \ \ \ \
 |   |   |   |___  |   | |     |_|       |   | | |   |   |     |_    ) ) ) )
 |___|   |_______| |___| |_______|_______|___|_|  |__|___|_______|  / / / /
 ==================================================================/_/_/_/

:: Built with Spring Boot :: 3.4.0


2025-08-26T08:34:24.771+07:00  INFO 3474 --- [    Test worker] o.s.s.p.owner.OwnerControllerTests       : Starting OwnerControllerTests using Java 17.0.8 with PID 3474 (started by trachman in /Users/trachman/Documents/Repository/Test-Deploy/Learning-docker/spring-petclinic)
2025-08-26T08:34:24.772+07:00  INFO 3474 --- [    Test worker] o.s.s.p.owner.OwnerControllerTests       : No active profile set, falling back to 1 default profile: "default"
2025-08-26T08:34:27.105+07:00  INFO 3474 --- [    Test worker] o.s.b.t.m.w.SpringBootMockServletContext : Initializing Spring TestDispatcherServlet ''
2025-08-26T08:34:27.109+07:00  INFO 3474 --- [    Test worker] o.s.t.web.servlet.TestDispatcherServlet  : Initializing Servlet ''
2025-08-26T08:34:27.116+07:00  INFO 3474 --- [    Test worker] o.s.t.web.servlet.TestDispatcherServlet  : Completed initialization in 7 ms
2025-08-26T08:34:27.197+07:00  INFO 3474 --- [    Test worker] o.s.s.p.owner.OwnerControllerTests       : Started OwnerControllerTests in 2.484 seconds (process running for 135.159)
]]></system-out>
  <system-err><![CDATA[]]></system-err>
</testsuite>
