<?xml version="1.0" encoding="UTF-8"?>
<testsuite name="org.springframework.samples.petclinic.owner.PetControllerTests$ProcessCreationFormHasErrors" tests="5" skipped="0" failures="0" errors="0" timestamp="2025-08-26T01:34:30" hostname="trachmans-MacBook-Pro.local" time="0.263">
  <properties/>
  <testcase name="testProcessCreationFormWithBlankName()" classname="org.springframework.samples.petclinic.owner.PetControllerTests$ProcessCreationFormHasErrors" time="0.05"/>
  <testcase name="testInitUpdateForm()" classname="org.springframework.samples.petclinic.owner.PetControllerTests$ProcessCreationFormHasErrors" time="0.059"/>
  <testcase name="testProcessCreationFormWithMissingPetType()" classname="org.springframework.samples.petclinic.owner.PetControllerTests$ProcessCreationFormHasErrors" time="0.044"/>
  <testcase name="testProcessCreationFormWithDuplicateName()" classname="org.springframework.samples.petclinic.owner.PetControllerTests$ProcessCreationFormHasErrors" time="0.037"/>
  <testcase name="testProcessCreationFormWithInvalidBirthDate()" classname="org.springframework.samples.petclinic.owner.PetControllerTests$ProcessCreationFormHasErrors" time="0.039"/>
  <system-out><![CDATA[2025-08-26T08:34:30.507+07:00  INFO 3474 --- [    Test worker] t.c.s.AnnotationConfigContextLoaderUtils : Could not detect default configuration classes for test class [org.springframework.samples.petclinic.owner.PetControllerTests$ProcessCreationFormHasErrors]: ProcessCreationFormHasErrors does not declare any static, non-private, non-final, nested classes annotated with @Configuration.
2025-08-26T08:34:30.554+07:00  INFO 3474 --- [    Test worker] .b.t.c.SpringBootTestContextBootstrapper : Found @SpringBootConfiguration org.springframework.samples.petclinic.PetClinicApplication for test class org.springframework.samples.petclinic.owner.PetControllerTests$ProcessCreationFormHasErrors
]]></system-out>
  <system-err><![CDATA[]]></system-err>
</testsuite>
