<?xml version="1.0" encoding="UTF-8"?>
<testsuite name="org.springframework.samples.petclinic.vet.VetTests" tests="1" skipped="0" failures="0" errors="0" timestamp="2025-08-26T01:34:37" hostname="trachmans-MacBook-Pro.local" time="0.023">
  <properties/>
  <testcase name="testSerialization()" classname="org.springframework.samples.petclinic.vet.VetTests" time="0.023"/>
  <system-out><![CDATA[]]></system-out>
  <system-err><![CDATA[]]></system-err>
</testsuite>
