<?xml version="1.0" encoding="UTF-8"?>
<testsuite name="org.springframework.samples.petclinic.owner.PetValidatorTests" tests="1" skipped="0" failures="0" errors="0" timestamp="2025-08-26T01:34:30" hostname="trachmans-MacBook-Pro.local" time="0.007">
  <properties/>
  <testcase name="testValidate()" classname="org.springframework.samples.petclinic.owner.PetValidatorTests" time="0.007"/>
  <system-out><![CDATA[]]></system-out>
  <system-err><![CDATA[]]></system-err>
</testsuite>
